\BOOKMARK [1][-]{section.1}{Estructuras de datos}{}% 1
\BOOKMARK [2][-]{subsection.1.1}{tablas aditivas}{section.1}% 2
\BOOKMARK [2][-]{subsection.1.2}{disjoint set union find}{section.1}% 3
\BOOKMARK [2][-]{subsection.1.3}{union find con compresion de caminos}{section.1}% 4
\BOOKMARK [2][-]{subsection.1.4}{segment tree}{section.1}% 5
\BOOKMARK [1][-]{section.2}{Grafos}{}% 6
\BOOKMARK [2][-]{subsection.2.1}{Dijkstra}{section.2}% 7
\BOOKMARK [2][-]{subsection.2.2}{Bellman-Ford}{section.2}% 8
\BOOKMARK [2][-]{subsection.2.3}{Floyd Warshall}{section.2}% 9
\BOOKMARK [2][-]{subsection.2.4}{Kosaraju}{section.2}% 10
\BOOKMARK [2][-]{subsection.2.5}{Kruskal}{section.2}% 11
\BOOKMARK [2][-]{subsection.2.6}{Topological sort}{section.2}% 12
\BOOKMARK [1][-]{section.3}{Matematicas}{}% 13
\BOOKMARK [2][-]{subsection.3.1}{MCD y MCM}{section.3}% 14
\BOOKMARK [2][-]{subsection.3.2}{Exponenciacion binaria}{section.3}% 15
\BOOKMARK [2][-]{subsection.3.3}{Multiplicacion modular}{section.3}% 16
\BOOKMARK [2][-]{subsection.3.4}{Exponenciacion modular}{section.3}% 17
\BOOKMARK [2][-]{subsection.3.5}{Algoritmo extendido de euclides}{section.3}% 18
\BOOKMARK [2][-]{subsection.3.6}{Inverso multiplicativo modular}{section.3}% 19
\BOOKMARK [2][-]{subsection.3.7}{Phi de euler}{section.3}% 20
\BOOKMARK [2][-]{subsection.3.8}{Test de Rabin Miller}{section.3}% 21
\BOOKMARK [2][-]{subsection.3.9}{Rho de pollard}{section.3}% 22
\BOOKMARK [2][-]{subsection.3.10}{BigInteger c++}{section.3}% 23
\BOOKMARK [2][-]{subsection.3.11}{Fraccion}{section.3}% 24
\BOOKMARK [1][-]{section.4}{Otros}{}% 25
\BOOKMARK [2][-]{subsection.4.1}{Busqueda binaria}{section.4}% 26
\BOOKMARK [2][-]{subsection.4.2}{Raiz babilonica}{section.4}% 27
\BOOKMARK [1][-]{section.5}{Programacion dinamica}{}% 28
\BOOKMARK [2][-]{subsection.5.1}{Subconjuntos de un conjunto}{section.5}% 29
\BOOKMARK [2][-]{subsection.5.2}{Problema de la mochila}{section.5}% 30
\BOOKMARK [2][-]{subsection.5.3}{Longest Increment Subsecuence}{section.5}% 31
\BOOKMARK [2][-]{subsection.5.4}{Max Range Sum}{section.5}% 32
\BOOKMARK [2][-]{subsection.5.5}{Subset Sum}{section.5}% 33
\BOOKMARK [1][-]{section.6}{Cadenas}{}% 34
\BOOKMARK [2][-]{subsection.6.1}{KMP}{section.6}% 35
\BOOKMARK [1][-]{section.7}{Tips and formulas\(ufps\)}{}% 36
\BOOKMARK [2][-]{subsection.7.1}{ASCII Table}{section.7}% 37
\BOOKMARK [2][-]{subsection.7.2}{Formulas}{section.7}% 38
\BOOKMARK [2][-]{subsection.7.3}{Sequences}{section.7}% 39
\BOOKMARK [2][-]{subsection.7.4}{Time Complexities}{section.7}% 40
\BOOKMARK [1][-]{section.8}{Extras}{}% 41
\BOOKMARK [2][-]{subsection.8.1}{Formulas extra}{section.8}% 42
\BOOKMARK [2][-]{subsection.8.2}{Secuencias}{section.8}% 43
